0 info it worked if it ends with ok
1 verbose cli [ '/usr/bin/node', '/usr/bin/npm', 'start' ]
2 info using npm@3.5.2
3 info using node@v8.10.0
4 verbose run-script [ 'prestart', 'start', 'poststart' ]
5 info lifecycle personal-site@1.0.0~prestart: personal-site@1.0.0
6 silly lifecycle personal-site@1.0.0~prestart: no script for prestart, continuing
7 info lifecycle personal-site@1.0.0~start: personal-site@1.0.0
8 verbose lifecycle personal-site@1.0.0~start: unsafe-perm in lifecycle true
9 verbose lifecycle personal-site@1.0.0~start: PATH: /usr/share/npm/bin/node-gyp-bin:/mnt/c/Users/alexa/Desktop/Personal Site/node_modules/.bin:/home/alexa/.cargo/bin:/home/alexa/.opam/4.07.0/bin:/home/alexa/.local/bin:/usr/local/sbin:/usr/local/bin:/usr/sbin:/usr/bin:/sbin:/bin:/usr/games:/usr/local/games:/mnt/c/Program Files/AdoptOpenJDK/jdk-11.0.4.11-hotspot/bin:/mnt/c/ProgramData/Oracle/Java/javapath_target_257078:/mnt/c/Program Files (x86)/Intel/iCLS Client:/mnt/c/Program Files/Intel/iCLS Client:/mnt/c/Windows/System32:/mnt/c/Windows:/mnt/c/Windows/System32/wbem:/mnt/c/Windows/System32/WindowsPowerShell/v1.0:/mnt/c/Program Files (x86)/Intel/Intel(R) Management Engine Components/DAL:/mnt/c/Program Files/Intel/Intel(R) Management Engine Components/DAL:/mnt/c/Program Files (x86)/Intel/Intel(R) Management Engine Components/IPT:/mnt/c/Program Files/Intel/Intel(R) Management Engine Components/IPT:/mnt/c/Program Files (x86)/NVIDIA Corporation/PhysX/Common:/mnt/c/Windows/System32:/mnt/c/Windows:/mnt/c/Windows/System32/wbem:/mnt/c/Windows/System32/WindowsPowerShell/v1.0:/mnt/c/Program Files (x86)/GtkSharp/2.12/bin:/mnt/c/Program Files (x86)/Git/cmd:/mnt/c/Program Files (x86)/Windows Kits/10/Windows Performance Toolkit:/mnt/c/Program Files/Microsoft SQL Server/130/Tools/Binn:/mnt/c/Windows/System32/OpenSSH:/mnt/c/Program Files/Geckodriver:/mnt/c/Program Files/Chromedriver:/mnt/c/MinGW/bin:/mnt/c/Users/alexa/AppData/Local/Programs/Python/Python37-32/Scripts:/mnt/c/Users/alexa/AppData/Local/Programs/Python/Python37-32:/mnt/c/Users/alexa/Anaconda3:/mnt/c/Users/alexa/Anaconda3/Scripts:/mnt/c/Users/alexa/Anaconda3/Library/bin:/mnt/c/Users/alexa/AppData/Local/Microsoft/WindowsApps:/mnt/c/Users/alexa/AppData/Local/Programs/Microsoft VS Code/bin:/mnt/c/Program Files/heroku/bin:/snap/bin
10 verbose lifecycle personal-site@1.0.0~start: CWD: /mnt/c/Users/alexa/Desktop/Personal Site
11 silly lifecycle personal-site@1.0.0~start: Args: [ '-c', 'node index.js' ]
12 silly lifecycle personal-site@1.0.0~start: Returned: code: 1  signal: null
13 info lifecycle personal-site@1.0.0~start: Failed to exec start script
14 verbose stack Error: personal-site@1.0.0 start: `node index.js`
14 verbose stack Exit status 1
14 verbose stack     at EventEmitter.<anonymous> (/usr/share/npm/lib/utils/lifecycle.js:232:16)
14 verbose stack     at emitTwo (events.js:126:13)
14 verbose stack     at EventEmitter.emit (events.js:214:7)
14 verbose stack     at ChildProcess.<anonymous> (/usr/share/npm/lib/utils/spawn.js:24:14)
14 verbose stack     at emitTwo (events.js:126:13)
14 verbose stack     at ChildProcess.emit (events.js:214:7)
14 verbose stack     at maybeClose (internal/child_process.js:925:16)
14 verbose stack     at Process.ChildProcess._handle.onexit (internal/child_process.js:209:5)
15 verbose pkgid personal-site@1.0.0
16 verbose cwd /mnt/c/Users/alexa/Desktop/Personal Site
17 error Linux 4.4.0-17134-Microsoft
18 error argv "/usr/bin/node" "/usr/bin/npm" "start"
19 error node v8.10.0
20 error npm  v3.5.2
21 error code ELIFECYCLE
22 error personal-site@1.0.0 start: `node index.js`
22 error Exit status 1
23 error Failed at the personal-site@1.0.0 start script 'node index.js'.
23 error Make sure you have the latest version of node.js and npm installed.
23 error If you do, this is most likely a problem with the personal-site package,
23 error not with npm itself.
23 error Tell the author that this fails on your system:
23 error     node index.js
23 error You can get information on how to open an issue for this project with:
23 error     npm bugs personal-site
23 error Or if that isn't available, you can get their info via:
23 error     npm owner ls personal-site
23 error There is likely additional logging output above.
24 verbose exit [ 1, true ]
